<?xml version="1.0" encoding="UTF-8"?>
<!-- Generated by org.testng.reporters.JUnitReportReporter -->
<testsuite hostname="LAPTOP-4NE0CSMH" failures="0" tests="1" name="com.banking.Testcases.TC_Logintest" time="9.090" errors="0" timestamp="2024-07-27T08:26:15 IST" skipped="0">
  <testcase classname="com.banking.Testcases.TC_Logintest" name="LoginTest" time="9.090"/>
  <system-out/>
</testsuite> <!-- com.banking.Testcases.TC_Logintest -->
